Verifying archive integrity... MD5 checksums are OK. All good.
Uncompressing Keystone Enclave Package
testing test-stack
testing test-loop
testing test-malloc
testing test-long-nop
testing test-fibonacci
testing test-fib-bench
testing test-attestation
Attestation report SIGNATURE is valid
testing test-untrusted
Enclave said: hello world!
Enclave said: 2nd hello world!
Enclave said value: 13
Enclave said value: 20
testing test-data-sealing
Enclave said: Sealing key derivation successful!
Verifying archive integrity... MD5 checksums are OK. All good.
Uncompressing Keystone Enclave Package
Enclave said value: 5000
Enclave said value: 10000
Attestation report SIGNATURE is valid
Enclave and SM hashes match with expected.
Returned data in the report match with the nonce sent.
